<?xml version="1.0" encoding="UTF-8"?>
<!-- Generated by org.testng.reporters.JUnitReportReporter -->
<testsuite hostname="DESKTOP-GKI4CMR" failures="0" tests="5" name="Selenium.TestOne.PracticeOne" time="90.083" errors="0" timestamp="2025-06-13T18:12:52 IST" skipped="0">
  <testcase classname="Selenium.TestOne.PracticeOne" name="login" time="11.081"/>
  <testcase classname="Selenium.TestOne.PracticeOne" name="EnterPartsInTheInward" time="32.073"/>
  <testcase classname="Selenium.TestOne.PracticeOne" name="ActionsInSellProducts" time="19.964"/>
  <testcase classname="Selenium.TestOne.PracticeOne" name="CancelInvoiceVisible" time="5.837"/>
  <testcase classname="Selenium.TestOne.PracticeOne" name="InvoiceCancel" time="21.128"/>
</testsuite> <!-- Selenium.TestOne.PracticeOne -->
