<?xml version="1.0" encoding="UTF-8"?>
<!-- Generated by org.testng.reporters.JUnitReportReporter -->
<testsuite hostname="DESKTOP-GKI4CMR" failures="0" tests="1" name="Selenium.TestOne.PracticeOne" time="74.172" errors="0" timestamp="2025-05-02T18:25:55 IST" skipped="0">
  <testcase classname="Selenium.TestOne.PracticeOne" name="login" time="74.172"/>
</testsuite> <!-- Selenium.TestOne.PracticeOne -->
